Determining if the pthread_create exist failed with the following output:
Change Dir: /home/alfie/Desktop/Modular-2-DOF-Cable-Driven-Segment/catkin_ws/build/CMakeFiles/CMakeTmp

Run Build Command:"/usr/bin/make" "cmTC_83281/fast"
/usr/bin/make -f CMakeFiles/cmTC_83281.dir/build.make CMakeFiles/cmTC_83281.dir/build
make[1]: Entering directory '/home/alfie/Desktop/Modular-2-DOF-Cable-Driven-Segment/catkin_ws/build/CMakeFiles/CMakeTmp'
Building C object CMakeFiles/cmTC_83281.dir/CheckSymbolExists.c.o
/usr/bin/cc     -o CMakeFiles/cmTC_83281.dir/CheckSymbolExists.c.o   -c /home/alfie/Desktop/Modular-2-DOF-Cable-Driven-Segment/catkin_ws/build/CMakeFiles/CMakeTmp/CheckSymbolExists.c
Linking C executable cmTC_83281
/usr/bin/cmake -E cmake_link_script CMakeFiles/cmTC_83281.dir/link.txt --verbose=1
/usr/bin/cc       CMakeFiles/cmTC_83281.dir/CheckSymbolExists.c.o  -o cmTC_83281 -rdynamic 
CMakeFiles/cmTC_83281.dir/CheckSymbolExists.c.o: In function `main':
CheckSymbolExists.c:(.text+0x16): undefined reference to `pthread_create'
collect2: error: ld returned 1 exit status
CMakeFiles/cmTC_83281.dir/build.make:97: recipe for target 'cmTC_83281' failed
make[1]: *** [cmTC_83281] Error 1
make[1]: Leaving directory '/home/alfie/Desktop/Modular-2-DOF-Cable-Driven-Segment/catkin_ws/build/CMakeFiles/CMakeTmp'
Makefile:126: recipe for target 'cmTC_83281/fast' failed
make: *** [cmTC_83281/fast] Error 2

File /home/alfie/Desktop/Modular-2-DOF-Cable-Driven-Segment/catkin_ws/build/CMakeFiles/CMakeTmp/CheckSymbolExists.c:
/* */
#include <pthread.h>

int main(int argc, char** argv)
{
  (void)argv;
#ifndef pthread_create
  return ((int*)(&pthread_create))[argc];
#else
  (void)argc;
  return 0;
#endif
}

Determining if the function pthread_create exists in the pthreads failed with the following output:
Change Dir: /home/alfie/Desktop/Modular-2-DOF-Cable-Driven-Segment/catkin_ws/build/CMakeFiles/CMakeTmp

Run Build Command:"/usr/bin/make" "cmTC_922ef/fast"
/usr/bin/make -f CMakeFiles/cmTC_922ef.dir/build.make CMakeFiles/cmTC_922ef.dir/build
make[1]: Entering directory '/home/alfie/Desktop/Modular-2-DOF-Cable-Driven-Segment/catkin_ws/build/CMakeFiles/CMakeTmp'
Building C object CMakeFiles/cmTC_922ef.dir/CheckFunctionExists.c.o
/usr/bin/cc    -DCHECK_FUNCTION_EXISTS=pthread_create   -o CMakeFiles/cmTC_922ef.dir/CheckFunctionExists.c.o   -c /usr/share/cmake-3.5/Modules/CheckFunctionExists.c
Linking C executable cmTC_922ef
/usr/bin/cmake -E cmake_link_script CMakeFiles/cmTC_922ef.dir/link.txt --verbose=1
/usr/bin/cc   -DCHECK_FUNCTION_EXISTS=pthread_create    CMakeFiles/cmTC_922ef.dir/CheckFunctionExists.c.o  -o cmTC_922ef -rdynamic -lpthreads 
/usr/bin/ld: cannot find -lpthreads
collect2: error: ld returned 1 exit status
CMakeFiles/cmTC_922ef.dir/build.make:97: recipe for target 'cmTC_922ef' failed
make[1]: *** [cmTC_922ef] Error 1
make[1]: Leaving directory '/home/alfie/Desktop/Modular-2-DOF-Cable-Driven-Segment/catkin_ws/build/CMakeFiles/CMakeTmp'
Makefile:126: recipe for target 'cmTC_922ef/fast' failed
make: *** [cmTC_922ef/fast] Error 2


